Traceback (most recent call last):
  File "<frozen runpy>", line 198, in _run_module_as_main
  File "<frozen runpy>", line 88, in _run_code
  File "/Users/rodrigoperezcordero/Documents/Copia de proyecto_hidalguense/venv/lib/python3.12/site-packages/uvicorn/__main__.py", line 4, in <module>
    uvicorn.main()
  File "/Users/rodrigoperezcordero/Documents/Copia de proyecto_hidalguense/venv/lib/python3.12/site-packages/click/core.py", line 1485, in __call__
    return self.main(*args, **kwargs)
           ^^^^^^^^^^^^^^^^^^^^^^^^^^
  File "/Users/rodrigoperezcordero/Documents/Copia de proyecto_hidalguense/venv/lib/python3.12/site-packages/click/core.py", line 1406, in main
    rv = self.invoke(ctx)
         ^^^^^^^^^^^^^^^^
  File "/Users/rodrigoperezcordero/Documents/Copia de proyecto_hidalguense/venv/lib/python3.12/site-packages/click/core.py", line 1269, in invoke
    return ctx.invoke(self.callback, **ctx.params)
           ^^^^^^^^^^^^^^^^^^^^^^^^^^^^^^^^^^^^^^^
  File "/Users/rodrigoperezcordero/Documents/Copia de proyecto_hidalguense/venv/lib/python3.12/site-packages/click/core.py", line 824, in invoke
    return callback(*args, **kwargs)
           ^^^^^^^^^^^^^^^^^^^^^^^^^
  File "/Users/rodrigoperezcordero/Documents/Copia de proyecto_hidalguense/venv/lib/python3.12/site-packages/uvicorn/main.py", line 418, in main
    run(
  File "/Users/rodrigoperezcordero/Documents/Copia de proyecto_hidalguense/venv/lib/python3.12/site-packages/uvicorn/main.py", line 587, in run
    server.run()
  File "/Users/rodrigoperezcordero/Documents/Copia de proyecto_hidalguense/venv/lib/python3.12/site-packages/uvicorn/server.py", line 62, in run
    return asyncio.run(self.serve(sockets=sockets))
           ^^^^^^^^^^^^^^^^^^^^^^^^^^^^^^^^^^^^^^^^
  File "/Users/rodrigoperezcordero/.pyenv/versions/3.12.3/lib/python3.12/asyncio/runners.py", line 194, in run
    return runner.run(main)
           ^^^^^^^^^^^^^^^^
  File "/Users/rodrigoperezcordero/.pyenv/versions/3.12.3/lib/python3.12/asyncio/runners.py", line 118, in run
    return self._loop.run_until_complete(task)
           ^^^^^^^^^^^^^^^^^^^^^^^^^^^^^^^^^^^
  File "uvloop/loop.pyx", line 1518, in uvloop.loop.Loop.run_until_complete
  File "/Users/rodrigoperezcordero/Documents/Copia de proyecto_hidalguense/venv/lib/python3.12/site-packages/uvicorn/server.py", line 69, in serve
    config.load()
  File "/Users/rodrigoperezcordero/Documents/Copia de proyecto_hidalguense/venv/lib/python3.12/site-packages/uvicorn/config.py", line 458, in load
    self.loaded_app = import_from_string(self.app)
                      ^^^^^^^^^^^^^^^^^^^^^^^^^^^^
  File "/Users/rodrigoperezcordero/Documents/Copia de proyecto_hidalguense/venv/lib/python3.12/site-packages/uvicorn/importer.py", line 21, in import_from_string
    module = importlib.import_module(module_str)
             ^^^^^^^^^^^^^^^^^^^^^^^^^^^^^^^^^^^
  File "/Users/rodrigoperezcordero/.pyenv/versions/3.12.3/lib/python3.12/importlib/__init__.py", line 90, in import_module
    return _bootstrap._gcd_import(name[level:], package, level)
           ^^^^^^^^^^^^^^^^^^^^^^^^^^^^^^^^^^^^^^^^^^^^^^^^^^^^
  File "<frozen importlib._bootstrap>", line 1387, in _gcd_import
  File "<frozen importlib._bootstrap>", line 1360, in _find_and_load
  File "<frozen importlib._bootstrap>", line 1331, in _find_and_load_unlocked
  File "<frozen importlib._bootstrap>", line 935, in _load_unlocked
  File "<frozen importlib._bootstrap_external>", line 995, in exec_module
  File "<frozen importlib._bootstrap>", line 488, in _call_with_frames_removed
  File "/Users/rodrigoperezcordero/Documents/Copia de proyecto_hidalguense/app/main.py", line 543, in <module>
    async def get_prospects(date: Optional[str] = Query(None)):
                                                  ^^^^^
NameError: name 'Query' is not defined
